<?xml version="1.0" encoding="UTF-8"?>
<testng-results ignored="0" total="2" passed="2" failed="0" skipped="0">
  <reporter-output>
  </reporter-output>
  <suite started-at="2021-08-08T10:50:03 CDT" name="Surefire suite" finished-at="2021-08-08T10:50:39 CDT" duration-ms="36111">
    <groups>
      <group name="cucumber">
        <method signature="AbstractTestNGCucumberTests.feature(cucumber.api.testng.CucumberFeatureWrapper)[pri:0, instance:TestRunner.TestRunner_BootCamp@5542c4ed]" name="feature" class="cucumber.api.testng.AbstractTestNGCucumberTests"/>
      </group> <!-- cucumber -->
    </groups>
    <test started-at="2021-08-08T10:50:03 CDT" name="Surefire test" finished-at="2021-08-08T10:50:39 CDT" duration-ms="36111">
      <class name="TestRunner.TestRunner_BootCamp">
        <test-method is-config="true" signature="LAppURL()[pri:0, instance:TestRunner.TestRunner_BootCamp@5542c4ed]" started-at="2021-08-08T10:50:03 CDT" name="LAppURL" finished-at="2021-08-08T10:50:05 CDT" duration-ms="2904" status="PASS">
          <reporter-output>
          </reporter-output>
        </test-method> <!-- LAppURL -->
        <test-method is-config="true" signature="setUpClass()[pri:0, instance:TestRunner.TestRunner_BootCamp@5542c4ed]" started-at="2021-08-08T10:50:06 CDT" name="setUpClass" finished-at="2021-08-08T10:50:06 CDT" duration-ms="371" status="PASS">
          <reporter-output>
          </reporter-output>
        </test-method> <!-- setUpClass -->
        <test-method signature="feature(cucumber.api.testng.CucumberFeatureWrapper)[pri:0, instance:TestRunner.TestRunner_BootCamp@5542c4ed]" started-at="2021-08-08T10:50:06 CDT" name="feature" description="Runs Cucumber Feature" data-provider="features" finished-at="2021-08-08T10:50:17 CDT" duration-ms="10959" status="PASS">
          <params>
            <param index="0">
              <value>
                <![CDATA[Log In]]>
              </value>
            </param>
          </params>
          <reporter-output>
          </reporter-output>
        </test-method> <!-- feature -->
        <test-method signature="feature(cucumber.api.testng.CucumberFeatureWrapper)[pri:0, instance:TestRunner.TestRunner_BootCamp@5542c4ed]" started-at="2021-08-08T10:50:17 CDT" name="feature" description="Runs Cucumber Feature" data-provider="features" finished-at="2021-08-08T10:50:38 CDT" duration-ms="20775" status="PASS">
          <params>
            <param index="0">
              <value>
                <![CDATA[PC Laptop Deals]]>
              </value>
            </param>
          </params>
          <reporter-output>
          </reporter-output>
        </test-method> <!-- feature -->
        <test-method is-config="true" signature="tearDownClass()[pri:0, instance:TestRunner.TestRunner_BootCamp@5542c4ed]" started-at="2021-08-08T10:50:38 CDT" name="tearDownClass" finished-at="2021-08-08T10:50:38 CDT" duration-ms="14" status="PASS">
          <reporter-output>
          </reporter-output>
        </test-method> <!-- tearDownClass -->
        <test-method is-config="true" signature="CAppURL()[pri:0, instance:TestRunner.TestRunner_BootCamp@5542c4ed]" started-at="2021-08-08T10:50:38 CDT" name="CAppURL" finished-at="2021-08-08T10:50:39 CDT" duration-ms="896" status="PASS">
          <reporter-output>
          </reporter-output>
        </test-method> <!-- CAppURL -->
      </class> <!-- TestRunner.TestRunner_BootCamp -->
    </test> <!-- Surefire test -->
  </suite> <!-- Surefire suite -->
</testng-results>
