<?xml version="1.0" encoding="UTF-8"?>
<testng-results ignored="0" total="2" passed="2" failed="0" skipped="0">
  <reporter-output>
  </reporter-output>
  <suite started-at="2021-08-08T13:58:47 CDT" name="Default suite" finished-at="2021-08-08T13:59:41 CDT" duration-ms="54669">
    <groups>
      <group name="cucumber">
        <method signature="AbstractTestNGCucumberTests.feature(cucumber.api.testng.CucumberFeatureWrapper)[pri:0, instance:TestRunner.TestRunner_BootCamp@19d481b]" name="feature" class="cucumber.api.testng.AbstractTestNGCucumberTests"/>
      </group> <!-- cucumber -->
    </groups>
    <test started-at="2021-08-08T13:58:47 CDT" name="Default test" finished-at="2021-08-08T13:59:41 CDT" duration-ms="54669">
      <class name="TestRunner.TestRunner_BootCamp">
        <test-method is-config="true" signature="LAppURL()[pri:0, instance:TestRunner.TestRunner_BootCamp@19d481b]" started-at="2021-08-08T13:58:47 CDT" name="LAppURL" finished-at="2021-08-08T13:58:51 CDT" duration-ms="4135" status="PASS">
          <reporter-output>
          </reporter-output>
        </test-method> <!-- LAppURL -->
        <test-method is-config="true" signature="setUpClass()[pri:0, instance:TestRunner.TestRunner_BootCamp@19d481b]" started-at="2021-08-08T13:58:51 CDT" name="setUpClass" finished-at="2021-08-08T13:58:52 CDT" duration-ms="718" status="PASS">
          <reporter-output>
          </reporter-output>
        </test-method> <!-- setUpClass -->
        <test-method signature="feature(cucumber.api.testng.CucumberFeatureWrapper)[pri:0, instance:TestRunner.TestRunner_BootCamp@19d481b]" started-at="2021-08-08T13:58:52 CDT" name="feature" description="Runs Cucumber Feature" data-provider="features" finished-at="2021-08-08T13:59:14 CDT" duration-ms="22425" status="PASS">
          <params>
            <param index="0">
              <value>
                <![CDATA[Log In]]>
              </value>
            </param>
          </params>
          <reporter-output>
          </reporter-output>
        </test-method> <!-- feature -->
        <test-method signature="feature(cucumber.api.testng.CucumberFeatureWrapper)[pri:0, instance:TestRunner.TestRunner_BootCamp@19d481b]" started-at="2021-08-08T13:59:14 CDT" name="feature" description="Runs Cucumber Feature" data-provider="features" finished-at="2021-08-08T13:59:40 CDT" duration-ms="25512" status="PASS">
          <params>
            <param index="0">
              <value>
                <![CDATA[PC Laptop Deals]]>
              </value>
            </param>
          </params>
          <reporter-output>
          </reporter-output>
        </test-method> <!-- feature -->
        <test-method is-config="true" signature="tearDownClass()[pri:0, instance:TestRunner.TestRunner_BootCamp@19d481b]" started-at="2021-08-08T13:59:40 CDT" name="tearDownClass" finished-at="2021-08-08T13:59:40 CDT" duration-ms="18" status="PASS">
          <reporter-output>
          </reporter-output>
        </test-method> <!-- tearDownClass -->
        <test-method is-config="true" signature="CAppURL()[pri:0, instance:TestRunner.TestRunner_BootCamp@19d481b]" started-at="2021-08-08T13:59:40 CDT" name="CAppURL" finished-at="2021-08-08T13:59:41 CDT" duration-ms="1481" status="PASS">
          <reporter-output>
          </reporter-output>
        </test-method> <!-- CAppURL -->
      </class> <!-- TestRunner.TestRunner_BootCamp -->
    </test> <!-- Default test -->
  </suite> <!-- Default suite -->
</testng-results>
